<?xml version="1.0" encoding="UTF-8"?>
<testsuite xmlns:xsi="http://www.w3.org/2001/XMLSchema-instance" xsi:noNamespaceSchemaLocation="https://maven.apache.org/surefire/maven-surefire-plugin/xsd/surefire-test-report-3.0.xsd" version="3.0" name="com.example.OEPTest" time="0.054" tests="3" errors="0" skipped="0" failures="0">
  <properties>
    <property name="java.specification.version" value="17"/>
    <property name="sun.cpu.isalist" value="amd64"/>
    <property name="sun.jnu.encoding" value="Cp1252"/>
    <property name="java.class.path" value="C:\Users\deepika\eclipse-workspace\Assignment4\target\test-classes;C:\Users\deepika\eclipse-workspace\Assignment4\target\classes;C:\Users\deepika\.m2\repository\junit\junit\3.8.1\junit-3.8.1.jar;C:\Users\deepika\.m2\repository\org\junit\jupiter\junit-jupiter-engine\5.7.0\junit-jupiter-engine-5.7.0.jar;C:\Users\deepika\.m2\repository\org\apiguardian\apiguardian-api\1.1.0\apiguardian-api-1.1.0.jar;C:\Users\deepika\.m2\repository\org\junit\platform\junit-platform-engine\1.7.0\junit-platform-engine-1.7.0.jar;C:\Users\deepika\.m2\repository\org\opentest4j\opentest4j\1.2.0\opentest4j-1.2.0.jar;C:\Users\deepika\.m2\repository\org\junit\platform\junit-platform-commons\1.7.0\junit-platform-commons-1.7.0.jar;C:\Users\deepika\.m2\repository\org\junit\jupiter\junit-jupiter-api\5.7.0\junit-jupiter-api-5.7.0.jar;C:\Users\deepika\.m2\repository\io\cucumber\cucumber-java\7.16.0\cucumber-java-7.16.0.jar;C:\Users\deepika\.m2\repository\io\cucumber\cucumber-core\7.16.0\cucumber-core-7.16.0.jar;C:\Users\deepika\.m2\repository\io\cucumber\cucumber-gherkin\7.16.0\cucumber-gherkin-7.16.0.jar;C:\Users\deepika\.m2\repository\io\cucumber\cucumber-gherkin-messages\7.16.0\cucumber-gherkin-messages-7.16.0.jar;C:\Users\deepika\.m2\repository\io\cucumber\gherkin\28.0.0\gherkin-28.0.0.jar;C:\Users\deepika\.m2\repository\io\cucumber\messages\24.0.1\messages-24.0.1.jar;C:\Users\deepika\.m2\repository\io\cucumber\tag-expressions\6.1.0\tag-expressions-6.1.0.jar;C:\Users\deepika\.m2\repository\io\cucumber\cucumber-expressions\17.1.0\cucumber-expressions-17.1.0.jar;C:\Users\deepika\.m2\repository\io\cucumber\datatable\7.16.0\datatable-7.16.0.jar;C:\Users\deepika\.m2\repository\io\cucumber\cucumber-plugin\7.16.0\cucumber-plugin-7.16.0.jar;C:\Users\deepika\.m2\repository\io\cucumber\docstring\7.16.0\docstring-7.16.0.jar;C:\Users\deepika\.m2\repository\io\cucumber\html-formatter\21.3.0\html-formatter-21.3.0.jar;C:\Users\deepika\.m2\repository\io\cucumber\junit-xml-formatter\0.2.1\junit-xml-formatter-0.2.1.jar;C:\Users\deepika\.m2\repository\io\cucumber\ci-environment\10.0.1\ci-environment-10.0.1.jar;C:\Users\deepika\.m2\repository\io\cucumber\cucumber-testng\7.16.0\cucumber-testng-7.16.0.jar;C:\Users\deepika\.m2\repository\org\testng\testng\7.9.0\testng-7.9.0.jar;C:\Users\deepika\.m2\repository\org\slf4j\slf4j-api\1.7.36\slf4j-api-1.7.36.jar;C:\Users\deepika\.m2\repository\com\beust\jcommander\1.82\jcommander-1.82.jar;C:\Users\deepika\.m2\repository\org\webjars\jquery\3.7.1\jquery-3.7.1.jar;"/>
    <property name="java.vm.vendor" value="Eclipse Adoptium"/>
    <property name="sun.arch.data.model" value="64"/>
    <property name="user.variant" value=""/>
    <property name="java.vendor.url" value="https://adoptium.net/"/>
    <property name="user.timezone" value="Asia/Calcutta"/>
    <property name="os.name" value="Windows 11"/>
    <property name="java.vm.specification.version" value="17"/>
    <property name="sun.java.launcher" value="SUN_STANDARD"/>
    <property name="user.country" value="IN"/>
    <property name="sun.boot.library.path" value="C:\Users\deepika\.p2\pool\plugins\org.eclipse.justj.openjdk.hotspot.jre.full.win32.x86_64_17.0.10.v20240120-1143\jre\bin"/>
    <property name="sun.java.command" value="C:\Users\deepika\AppData\Local\Temp\surefire3672340813302094046\surefirebooter-20240401195133604_3.jar C:\Users\deepika\AppData\Local\Temp\surefire3672340813302094046 2024-04-01T19-51-01_925-jvmRun1 surefire-20240401195133604_1tmp surefire_0-20240401195133604_2tmp"/>
    <property name="jdk.debug" value="release"/>
    <property name="surefire.test.class.path" value="C:\Users\deepika\eclipse-workspace\Assignment4\target\test-classes;C:\Users\deepika\eclipse-workspace\Assignment4\target\classes;C:\Users\deepika\.m2\repository\junit\junit\3.8.1\junit-3.8.1.jar;C:\Users\deepika\.m2\repository\org\junit\jupiter\junit-jupiter-engine\5.7.0\junit-jupiter-engine-5.7.0.jar;C:\Users\deepika\.m2\repository\org\apiguardian\apiguardian-api\1.1.0\apiguardian-api-1.1.0.jar;C:\Users\deepika\.m2\repository\org\junit\platform\junit-platform-engine\1.7.0\junit-platform-engine-1.7.0.jar;C:\Users\deepika\.m2\repository\org\opentest4j\opentest4j\1.2.0\opentest4j-1.2.0.jar;C:\Users\deepika\.m2\repository\org\junit\platform\junit-platform-commons\1.7.0\junit-platform-commons-1.7.0.jar;C:\Users\deepika\.m2\repository\org\junit\jupiter\junit-jupiter-api\5.7.0\junit-jupiter-api-5.7.0.jar;C:\Users\deepika\.m2\repository\io\cucumber\cucumber-java\7.16.0\cucumber-java-7.16.0.jar;C:\Users\deepika\.m2\repository\io\cucumber\cucumber-core\7.16.0\cucumber-core-7.16.0.jar;C:\Users\deepika\.m2\repository\io\cucumber\cucumber-gherkin\7.16.0\cucumber-gherkin-7.16.0.jar;C:\Users\deepika\.m2\repository\io\cucumber\cucumber-gherkin-messages\7.16.0\cucumber-gherkin-messages-7.16.0.jar;C:\Users\deepika\.m2\repository\io\cucumber\gherkin\28.0.0\gherkin-28.0.0.jar;C:\Users\deepika\.m2\repository\io\cucumber\messages\24.0.1\messages-24.0.1.jar;C:\Users\deepika\.m2\repository\io\cucumber\tag-expressions\6.1.0\tag-expressions-6.1.0.jar;C:\Users\deepika\.m2\repository\io\cucumber\cucumber-expressions\17.1.0\cucumber-expressions-17.1.0.jar;C:\Users\deepika\.m2\repository\io\cucumber\datatable\7.16.0\datatable-7.16.0.jar;C:\Users\deepika\.m2\repository\io\cucumber\cucumber-plugin\7.16.0\cucumber-plugin-7.16.0.jar;C:\Users\deepika\.m2\repository\io\cucumber\docstring\7.16.0\docstring-7.16.0.jar;C:\Users\deepika\.m2\repository\io\cucumber\html-formatter\21.3.0\html-formatter-21.3.0.jar;C:\Users\deepika\.m2\repository\io\cucumber\junit-xml-formatter\0.2.1\junit-xml-formatter-0.2.1.jar;C:\Users\deepika\.m2\repository\io\cucumber\ci-environment\10.0.1\ci-environment-10.0.1.jar;C:\Users\deepika\.m2\repository\io\cucumber\cucumber-testng\7.16.0\cucumber-testng-7.16.0.jar;C:\Users\deepika\.m2\repository\org\testng\testng\7.9.0\testng-7.9.0.jar;C:\Users\deepika\.m2\repository\org\slf4j\slf4j-api\1.7.36\slf4j-api-1.7.36.jar;C:\Users\deepika\.m2\repository\com\beust\jcommander\1.82\jcommander-1.82.jar;C:\Users\deepika\.m2\repository\org\webjars\jquery\3.7.1\jquery-3.7.1.jar;"/>
    <property name="sun.cpu.endian" value="little"/>
    <property name="user.home" value="C:\Users\deepika"/>
    <property name="user.language" value="en"/>
    <property name="java.specification.vendor" value="Oracle Corporation"/>
    <property name="java.version.date" value="2024-01-16"/>
    <property name="java.home" value="C:\Users\deepika\.p2\pool\plugins\org.eclipse.justj.openjdk.hotspot.jre.full.win32.x86_64_17.0.10.v20240120-1143\jre"/>
    <property name="file.separator" value="\"/>
    <property name="style.color" value="always"/>
    <property name="basedir" value="C:\Users\deepika\eclipse-workspace\Assignment4"/>
    <property name="java.vm.compressedOopsMode" value="32-bit"/>
    <property name="line.separator" value="&#10;"/>
    <property name="java.vm.specification.vendor" value="Oracle Corporation"/>
    <property name="java.specification.name" value="Java Platform API Specification"/>
    <property name="surefire.real.class.path" value="C:\Users\deepika\AppData\Local\Temp\surefire3672340813302094046\surefirebooter-20240401195133604_3.jar"/>
    <property name="user.script" value=""/>
    <property name="sun.management.compiler" value="HotSpot 64-Bit Tiered Compilers"/>
    <property name="java.runtime.version" value="17.0.10+7"/>
    <property name="user.name" value="deepika"/>
    <property name="path.separator" value=";"/>
    <property name="os.version" value="10.0"/>
    <property name="java.runtime.name" value="OpenJDK Runtime Environment"/>
    <property name="file.encoding" value="Cp1252"/>
    <property name="java.vm.name" value="OpenJDK 64-Bit Server VM"/>
    <property name="java.vendor.version" value="Temurin-17.0.10+7"/>
    <property name="localRepository" value="C:\Users\deepika\.m2\repository"/>
    <property name="java.vendor.url.bug" value="https://github.com/adoptium/adoptium-support/issues"/>
    <property name="java.io.tmpdir" value="C:\Users\deepika\AppData\Local\Temp\"/>
    <property name="java.version" value="17.0.10"/>
    <property name="user.dir" value="C:\Users\deepika\eclipse-workspace\Assignment4"/>
    <property name="os.arch" value="amd64"/>
    <property name="java.vm.specification.name" value="Java Virtual Machine Specification"/>
    <property name="sun.os.patch.level" value=""/>
    <property name="native.encoding" value="Cp1252"/>
    <property name="java.library.path" value="C:\Users\deepika\.p2\pool\plugins\org.eclipse.justj.openjdk.hotspot.jre.full.win32.x86_64_17.0.10.v20240120-1143\jre\bin;C:\WINDOWS\Sun\Java\bin;C:\WINDOWS\system32;C:\WINDOWS;C:/Users/deepika/.p2/pool/plugins/org.eclipse.justj.openjdk.hotspot.jre.full.win32.x86_64_17.0.10.v20240120-1143/jre/bin/server;C:/Users/deepika/.p2/pool/plugins/org.eclipse.justj.openjdk.hotspot.jre.full.win32.x86_64_17.0.10.v20240120-1143/jre/bin;C:\Program Files\Microsoft SDKs\Azure\CLI2\wbin;C:\Program Files\Common Files\Oracle\Java\javapath;C:\Program Files\OpenLogic\jdk-11.0.22.7-hotspot\bin;C:\Program Files (x86)\Common Files\Oracle\Java\javapath;C:\Python311\Scripts\;C:\Python311\;C:\Python\Python39\Scripts\;C:\Python\Python39\;C:\Windows\system32;C:\Windows;C:\Windows\System32\Wbem;C:\Windows\System32\WindowsPowerShell\v1.0\;C:\Windows\System32\OpenSSH\;C:\Program Files (x86)\NVIDIA Corporation\PhysX\Common;C:\Program Files\NVIDIA Corporation\NVIDIA NvDLISR;C:\WINDOWS\system32;C:\WINDOWS;C:\WINDOWS\System32\Wbem;C:\WINDOWS\System32\WindowsPowerShell\v1.0\;C:\WINDOWS\System32\OpenSSH\;C:\Program Files\CodeBlocks\MinGW\bin;C:\GnuWin32\bin;C:\ProgramData\chocolatey\bin;C:\Program Files\nodejs\;C:\Program Files\Git\cmd;C:\Program Files\terraform;C:\Program Files\Amazon\AWSCLIV2\;C:\Program Files\Amazon\AWSCLIV2;C:\Program Files\Puppet Labs\Puppet\bin;C:\Program Files\PuTTY\;C:\Program Files\Java\jdk-11\bin;C:\Program Files\Docker\Docker\resources\bin;C:\Users\deepika\AppData\Local\Android\Sdk\platform-tools;C:\Users\deepika\AppData\Local\Microsoft\WindowsApps;C:\Users\deepika\AppData\Local\Programs\Microsoft VS Code\bin;C:\Program Files\heroku\bin;C:\Users\deepika\AppData\Local\atom\bin;C:\Users\deepika\AppData\Roaming\npm;C:\Users\deepika\AppData\Local\Microsoft\WindowsApps;C:\Users\deepika\AppData\Local\GitHubDesktop\bin;C:\ProgramData\deepika\GitHubDesktop\bin;C:\Users\deepika\AppData\Local\Programs\mongosh\;C:\Program Files\Amazon\AWSCLIV2;C:\Program Files\terraform;;C:\Users\deepika\Desktop;;."/>
    <property name="java.vm.info" value="mixed mode"/>
    <property name="java.vendor" value="Eclipse Adoptium"/>
    <property name="java.vm.version" value="17.0.10+7"/>
    <property name="sun.io.unicode.encoding" value="UnicodeLittle"/>
    <property name="java.class.version" value="61.0"/>
  </properties>
  <testcase name="testOdd" classname="com.example.OEPTest" time="0.032"/>
  <testcase name="testPrime" classname="com.example.OEPTest" time="0.001"/>
  <testcase name="testEven" classname="com.example.OEPTest" time="0.001"/>
</testsuite>